<?xml version="1.0" encoding="UTF-8"?>
<testsuite name="project.sola.tictactoe.TictactoeApplicationTests" tests="1" skipped="0" failures="0" errors="0" timestamp="2023-04-25T20:15:08" hostname="Olusolas-MacBook-Air.local" time="0.157">
  <properties/>
  <testcase name="contextLoads()" classname="project.sola.tictactoe.TictactoeApplicationTests" time="0.157"/>
  <system-out><![CDATA[14:15:07.708 [Test worker] DEBUG org.springframework.boot.test.context.SpringBootTestContextBootstrapper -- Neither @ContextConfiguration nor @ContextHierarchy found for test class [TictactoeApplicationTests]: using SpringBootContextLoader
14:15:07.711 [Test worker] DEBUG org.springframework.test.context.support.AbstractContextLoader -- Could not detect default resource locations for test class [project.sola.tictactoe.TictactoeApplicationTests]: no resource found for suffixes {-context.xml, Context.groovy}.
14:15:07.711 [Test worker] INFO org.springframework.test.context.support.AnnotationConfigContextLoaderUtils -- Could not detect default configuration classes for test class [project.sola.tictactoe.TictactoeApplicationTests]: TictactoeApplicationTests does not declare any static, non-private, non-final, nested classes annotated with @Configuration.
14:15:07.719 [Test worker] DEBUG org.springframework.boot.test.context.SpringBootTestContextBootstrapper -- Using ContextCustomizers for test class [TictactoeApplicationTests]: [DisableObservabilityContextCustomizer, PropertyMappingContextCustomizer, Customizer, ExcludeFilterContextCustomizer, DuplicateJsonObjectContextCustomizer, MockitoContextCustomizer, TestRestTemplateContextCustomizer]
14:15:07.746 [Test worker] DEBUG org.springframework.context.annotation.ClassPathScanningCandidateComponentProvider -- Identified candidate component class: file [/Users/olusolaakinbode/Desktop/PortfolioWebsite/TicTacToe/build/classes/java/main/project/sola/tictactoe/TictactoeApplication.class]
14:15:07.747 [Test worker] INFO org.springframework.boot.test.context.SpringBootTestContextBootstrapper -- Found @SpringBootConfiguration project.sola.tictactoe.TictactoeApplication for test class project.sola.tictactoe.TictactoeApplicationTests
14:15:07.780 [Test worker] DEBUG org.springframework.test.context.util.TestContextSpringFactoriesUtils -- Skipping candidate TestExecutionListener [org.springframework.test.context.transaction.TransactionalTestExecutionListener] due to a missing dependency. Specify custom TestExecutionListener classes or make the default TestExecutionListener classes and their required dependencies available. Offending class: [org/springframework/transaction/interceptor/TransactionAttributeSource]
14:15:07.783 [Test worker] DEBUG org.springframework.test.context.util.TestContextSpringFactoriesUtils -- Skipping candidate TestExecutionListener [org.springframework.test.context.jdbc.SqlScriptsTestExecutionListener] due to a missing dependency. Specify custom TestExecutionListener classes or make the default TestExecutionListener classes and their required dependencies available. Offending class: [org/springframework/transaction/interceptor/TransactionAttribute]
14:15:07.785 [Test worker] DEBUG org.springframework.boot.test.context.SpringBootTestContextBootstrapper -- Using TestExecutionListeners for test class [TictactoeApplicationTests]: [ServletTestExecutionListener, DirtiesContextBeforeModesTestExecutionListener, ApplicationEventsTestExecutionListener, MockitoTestExecutionListener, DependencyInjectionTestExecutionListener, DirtiesContextTestExecutionListener, EventPublishingTestExecutionListener, RestDocsTestExecutionListener, MockRestServiceServerResetTestExecutionListener, MockMvcPrintOnlyOnFailureTestExecutionListener, WebDriverTestExecutionListener, MockWebServiceServerTestExecutionListener, ResetMocksTestExecutionListener]
14:15:07.786 [Test worker] DEBUG org.springframework.test.context.support.AbstractDirtiesContextTestExecutionListener -- Before test class: class [TictactoeApplicationTests], class annotated with @DirtiesContext [false] with mode [null]

  .   ____          _            __ _ _
 /\\ / ___'_ __ _ _(_)_ __  __ _ \ \ \ \
( ( )\___ | '_ | '_| | '_ \/ _` | \ \ \ \
 \\/  ___)| |_)| | | | | || (_| |  ) ) ) )
  '  |____| .__|_| |_|_| |_\__, | / / / /
 =========|_|==============|___/=/_/_/_/
 :: Spring Boot ::                (v3.0.6)

2023-04-25T14:15:07.891-06:00  INFO 14547 --- [    Test worker] p.s.tictactoe.TictactoeApplicationTests  : Starting TictactoeApplicationTests using Java 17.0.3 with PID 14547 (started by olusolaakinbode in /Users/olusolaakinbode/Desktop/PortfolioWebsite/TicTacToe)
2023-04-25T14:15:07.891-06:00  INFO 14547 --- [    Test worker] p.s.tictactoe.TictactoeApplicationTests  : No active profile set, falling back to 1 default profile: "default"
2023-04-25T14:15:08.296-06:00  INFO 14547 --- [    Test worker] p.s.tictactoe.TictactoeApplicationTests  : Started TictactoeApplicationTests in 0.492 seconds (process running for 0.94)
]]></system-out>
  <system-err><![CDATA[]]></system-err>
</testsuite>
